[debug] > Exec(early(addDefaultCommands), None, None)
[debug] > Exec(addDefaultCommands, None, None)
[debug] > Exec(early(initialize), None, None)
[debug] > Exec(initialize, None, None)
[debug] > Exec(boot, None, None)
[debug] > Exec(writeSbtVersion, None, None)
[debug] > Exec(reload, None, None)
[debug] > Exec(sbtStashOnFailure, None, None)
[debug] > Exec(onFailure loadFailed, None, None)
[debug] > Exec(loadp, None, None)
[info] welcome to sbt 1.5.5 (Debian Java 11.0.12)
[debug] Load.defaultLoad until apply took 1631.7236ms
[debug]                 Load.loadUnit: plugins took 163.4377ms
[debug]                 Load.loadUnit: defsScala took 0.6525ms
[debug] [Loading] Scanning directory /home/ari/scala-advent/day4/project/project
[debug]                   Load.loadUnit: mkEval took 49.9111ms
[debug] [Loading] Found non-root projects 
[debug] [Loading] Done in /home/ari/scala-advent/day4/project/project, returning: ()
[debug] deducing auto plugins based on known facts Set(Atom(sbt.plugins.CorePlugin)) and clauses Clauses(Clause(Atom(sbt.plugins.JvmPlugin),Set(Atom(sbt.plugins.IvyPlugin)))
[debug] Clause(Atom(sbt.ScriptedPlugin),Set(Atom(sbt.plugins.JvmPlugin)))
[debug] Clause(Atom(sbt.plugins.SbtPlugin),Set(Atom(sbt.ScriptedPlugin)))
[debug] Clause(Atom(sbt.plugins.SemanticdbPlugin),Set(Atom(sbt.plugins.JvmPlugin)))
[debug] Clause(Atom(sbt.plugins.JUnitXmlReportPlugin),Set(Atom(sbt.plugins.JvmPlugin)))
[debug] Clause(Atom(sbt.plugins.MiniDependencyTreePlugin),Set(Atom(sbt.plugins.JvmPlugin)))
[debug] Clause(Atom(sbt.plugins.CorePlugin),Set(Atom(sbt.plugins.IvyPlugin)))
[debug] Clause(Atom(sbt.plugins.IvyPlugin),Set(Atom(sbt.plugins.JvmPlugin)))
[debug] Clause(Atom(sbt.plugins.JvmPlugin),Set(Atom(sbt.plugins.SemanticdbPlugin)))
[debug] Clause(Atom(sbt.plugins.JvmPlugin),Set(Atom(sbt.plugins.JUnitXmlReportPlugin)))
[debug] Clause(Atom(sbt.plugins.CorePlugin),Set(Atom(sbt.plugins.Giter8TemplatePlugin)))
[debug] Clause(Atom(sbt.plugins.JvmPlugin),Set(Atom(sbt.plugins.MiniDependencyTreePlugin))))
[debug]   :: deduced result: Matched(sbt.plugins.CorePlugin,sbt.plugins.Giter8TemplatePlugin,sbt.plugins.IvyPlugin,sbt.plugins.JvmPlugin,sbt.plugins.MiniDependencyTreePlugin,sbt.plugins.JUnitXmlReportPlugin,sbt.plugins.SemanticdbPlugin)
[debug] Plugins.deducer#function took 109.6336 ms
[info] loading settings for project day4-build-build from metals.sbt ...
[debug]                     Load.resolveProject(day4-build-build) took 158.7419ms
[debug]                   Load.loadTransitive: finalizeProject(Project(id day4-build-build, base: /home/ari/scala-advent/day4/project/project, plugins: List(<none>))) took 341.1606ms
[debug] [Loading] Done in /home/ari/scala-advent/day4/project/project, returning: (day4-build-build)
[debug]                 Load.loadUnit: loadedProjectsRaw took 1026.9225ms
[debug]                 Load.loadUnit: cleanEvalClasses took 12.5074ms
[debug]               Load.loadUnit(file:/home/ari/scala-advent/day4/project/project/, ...) took 1238.0733ms
[debug]             Load.apply: load took 1545.7967ms
[debug]             Load.apply: resolveProjects took 9.5324ms
[debug]             Load.apply: finalTransforms took 174.4581ms
[debug]             Load.apply: config.delegates took 39.5593ms
[debug]             Load.apply: Def.make(settings)... took 2511.431ms
[debug]             Load.apply: structureIndex took 739.4506ms
[debug]             Load.apply: mkStreams took 2.1043ms
[info] loading project definition from /home/ari/scala-advent/day4/project/project
[debug] Running task... Cancel: Signal, check cycles: false, forcegc: true
[debug]           Load.loadUnit: plugins took 26587.9838ms
[debug]           Load.loadUnit: defsScala took 0.0051ms
[debug] [Loading] Scanning directory /home/ari/scala-advent/day4/project
[debug]             Load.loadUnit: mkEval took 0.2037ms
[debug] [Loading] Found non-root projects 
[debug] [Loading] Done in /home/ari/scala-advent/day4/project, returning: ()
[debug] deducing auto plugins based on known facts Set(Atom(sbt.plugins.CorePlugin)) and clauses Clauses(Clause(Atom(sbt.plugins.JvmPlugin),Set(Atom(sbt.plugins.IvyPlugin)))
[debug] Clause(Atom(sbt.ScriptedPlugin),Set(Atom(sbt.plugins.JvmPlugin)))
[debug] Clause(Atom(sbt.plugins.SbtPlugin),Set(Atom(sbt.ScriptedPlugin)))
[debug] Clause(Atom(sbt.plugins.SemanticdbPlugin),Set(Atom(sbt.plugins.JvmPlugin)))
[debug] Clause(Atom(sbt.plugins.JUnitXmlReportPlugin),Set(Atom(sbt.plugins.JvmPlugin)))
[debug] Clause(Atom(sbt.plugins.MiniDependencyTreePlugin),Set(Atom(sbt.plugins.JvmPlugin)))
[debug] Clause(Atom(org.scaladebugger.SbtJdiTools),Set(Atom(sbt.plugins.JvmPlugin)))
[debug] Clause(Atom(sbt.plugins.CorePlugin),Set(Atom(sbt.plugins.IvyPlugin)))
[debug] Clause(Atom(sbt.plugins.IvyPlugin),Set(Atom(sbt.plugins.JvmPlugin)))
[debug] Clause(Atom(sbt.plugins.JvmPlugin),Set(Atom(sbt.plugins.SemanticdbPlugin)))
[debug] Clause(Atom(sbt.plugins.JvmPlugin),Set(Atom(sbt.plugins.JUnitXmlReportPlugin)))
[debug] Clause(Atom(sbt.plugins.CorePlugin),Set(Atom(sbt.plugins.Giter8TemplatePlugin)))
[debug] Clause(Atom(sbt.plugins.JvmPlugin),Set(Atom(sbt.plugins.MiniDependencyTreePlugin)))
[debug] Clause(Atom(sbt.plugins.JvmPlugin),Set(Atom(org.scaladebugger.SbtJdiTools))))
[debug]   :: deduced result: Matched(sbt.plugins.CorePlugin,sbt.plugins.Giter8TemplatePlugin,sbt.plugins.IvyPlugin,sbt.plugins.JvmPlugin,org.scaladebugger.SbtJdiTools,sbt.plugins.MiniDependencyTreePlugin,sbt.plugins.JUnitXmlReportPlugin,sbt.plugins.SemanticdbPlugin)
[debug] Plugins.deducer#function took 3.7586 ms
[info] loading settings for project day4-build from metals.sbt ...
[debug]               Load.resolveProject(day4-build) took 25.0033ms
[debug]             Load.loadTransitive: finalizeProject(Project(id day4-build, base: /home/ari/scala-advent/day4/project, plugins: List(<none>))) took 29.7892ms
[debug] [Loading] Done in /home/ari/scala-advent/day4/project, returning: (day4-build)
[debug]           Load.loadUnit: loadedProjectsRaw took 42.6434ms
[debug]           Load.loadUnit: cleanEvalClasses took 0.6711ms
[debug]         Load.loadUnit(file:/home/ari/scala-advent/day4/project/, ...) took 26632.1827ms
[debug]       Load.apply: load took 26634.5458ms
[debug]       Load.apply: resolveProjects took 0.2076ms
[debug]       Load.apply: finalTransforms took 21.0099ms
[debug]       Load.apply: config.delegates took 0.6778ms
[debug]       Load.apply: Def.make(settings)... took 1836.8832ms
[debug]       Load.apply: structureIndex took 117.1027ms
[debug]       Load.apply: mkStreams took 0.0037ms
[info] loading project definition from /home/ari/scala-advent/day4/project
[debug] Running task... Cancel: Signal, check cycles: false, forcegc: true
[debug]     Load.loadUnit: plugins took 35686.6281ms
[debug]     Load.loadUnit: defsScala took 0.0055ms
[debug] [Loading] Scanning directory /home/ari/scala-advent/day4
[debug]       Load.loadUnit: mkEval took 12.6177ms
[debug] [Loading] Found root project root w/ remaining 
[debug] deducing auto plugins based on known facts Set(Atom(sbt.plugins.CorePlugin)) and clauses Clauses(Clause(Atom(sbt.plugins.JvmPlugin),Set(Atom(sbt.plugins.IvyPlugin)))
[debug] Clause(Atom(sbt.ScriptedPlugin),Set(Atom(sbt.plugins.JvmPlugin)))
[debug] Clause(Atom(sbt.plugins.SbtPlugin),Set(Atom(sbt.ScriptedPlugin)))
[debug] Clause(Atom(sbt.plugins.SemanticdbPlugin),Set(Atom(sbt.plugins.JvmPlugin)))
[debug] Clause(Atom(sbt.plugins.JUnitXmlReportPlugin),Set(Atom(sbt.plugins.JvmPlugin)))
[debug] Clause(Atom(sbt.plugins.MiniDependencyTreePlugin),Set(Atom(sbt.plugins.JvmPlugin)))
[debug] Clause(Atom(metals.MetalsPlugin),Set(Atom(sbt.plugins.JvmPlugin)))
[debug] Clause(Atom(ch.epfl.scala.debugadapter.sbtplugin.DebugAdapterPlugin),Set(Atom(sbt.plugins.JvmPlugin)))
[debug] Clause(Atom(sbt.plugins.CorePlugin),Set(Atom(sbt.plugins.IvyPlugin)))
[debug] Clause(Atom(sbt.plugins.IvyPlugin),Set(Atom(sbt.plugins.JvmPlugin)))
[debug] Clause(Atom(sbt.plugins.JvmPlugin),Set(Atom(sbt.plugins.SemanticdbPlugin)))
[debug] Clause(Atom(sbt.plugins.JvmPlugin),Set(Atom(sbt.plugins.JUnitXmlReportPlugin)))
[debug] Clause(Atom(sbt.plugins.CorePlugin),Set(Atom(sbt.plugins.Giter8TemplatePlugin)))
[debug] Clause(Atom(sbt.plugins.JvmPlugin),Set(Atom(sbt.plugins.MiniDependencyTreePlugin)))
[debug] Clause(Atom(sbt.plugins.JvmPlugin),Set(Atom(metals.MetalsPlugin)))
[debug] Clause(Atom(sbt.plugins.JvmPlugin),Set(Atom(ch.epfl.scala.debugadapter.sbtplugin.DebugAdapterPlugin))))
[debug]   :: deduced result: Matched(sbt.plugins.CorePlugin,sbt.plugins.Giter8TemplatePlugin,sbt.plugins.IvyPlugin,sbt.plugins.JvmPlugin,ch.epfl.scala.debugadapter.sbtplugin.DebugAdapterPlugin,sbt.plugins.SemanticdbPlugin,sbt.plugins.JUnitXmlReportPlugin,metals.MetalsPlugin,sbt.plugins.MiniDependencyTreePlugin)
[debug] Plugins.deducer#function took 3.5779 ms
[info] loading settings for project root from build.sbt ...
[debug]         Load.resolveProject(root) took 23.3347ms
[debug]       Load.loadTransitive: finalizeProject(Project(id root, base: /home/ari/scala-advent/day4, plugins: List(<none>))) took 39.7793ms
[debug] [Loading] Done in /home/ari/scala-advent/day4, returning: (root)
[debug]     Load.loadUnit: loadedProjectsRaw took 289.7888ms
[debug]     Load.loadUnit: cleanEvalClasses took 0.5795ms
[debug]   Load.loadUnit(file:/home/ari/scala-advent/day4/, ...) took 35989.672ms
[debug] Load.apply: load took 36610.1784ms
[debug] Load.apply: resolveProjects took 0.2542ms
[debug] Load.apply: finalTransforms took 64.4147ms
[debug] Load.apply: config.delegates took 0.7896ms
[debug] Load.apply: Def.make(settings)... took 2255.1046ms
[debug] Load.apply: structureIndex took 60.5075ms
[debug] Load.apply: mkStreams took 0.0058ms
[info] set current project to scala3-simple (in build file:/home/ari/scala-advent/day4/)
